# JRE version: Java(TM) SE Runtime Environment (8.0_25-b18) (build 1.8.0_25-b18)
# Java VM: Java HotSpot(TM) 64-Bit Server VM (25.25-b02 mixed mode windows-amd64 compressed oops)
Heap:
 PSYoungGen      total 98304K, used 30138K [0x00000000f5580000, 0x00000000fdd80000, 0x0000000100000000)
  eden space 76288K, 26% used [0x00000000f5580000,0x00000000f690ce68,0x00000000fa000000)
  from space 22016K, 45% used [0x00000000fa000000,0x00000000fa9e1c00,0x00000000fb580000)
  to   space 21504K, 0% used [0x00000000fc880000,0x00000000fc880000,0x00000000fdd80000)
 ParOldGen       total 89088K, used 33240K [0x00000000e0000000, 0x00000000e5700000, 0x00000000f5580000)
  object space 89088K, 37% used [0x00000000e0000000,0x00000000e2076180,0x00000000e5700000)
 Metaspace       used 77383K, capacity 83148K, committed 83416K, reserved 1120256K
  class space    used 9778K, capacity 11663K, committed 11736K, reserved 1048576K
GC Heap History (10 events):
Event: 7.248 GC heap before
{Heap before GC invocations=17 (full 3):
 PSYoungGen      total 60928K, used 54037K [0x00000000f5580000, 0x00000000fb100000, 0x0000000100000000)
  eden space 44032K, 100% used [0x00000000f5580000,0x00000000f8080000,0x00000000f8080000)
  from space 16896K, 59% used [0x00000000f8080000,0x00000000f8a457d0,0x00000000f9100000)
  to   space 16384K, 0% used [0x00000000fa100000,0x00000000fa100000,0x00000000fb100000)
 ParOldGen       total 89088K, used 27708K [0x00000000e0000000, 0x00000000e5700000, 0x00000000f5580000)
  object space 89088K, 31% used [0x00000000e0000000,0x00000000e1b0f178,0x00000000e5700000)
 Metaspace       used 61661K, capacity 66564K, committed 66776K, reserved 1107968K
  class space    used 7741K, capacity 9150K, committed 9176K, reserved 1048576K
Event: 7.256 GC heap after
Heap after GC invocations=17 (full 3):
 PSYoungGen      total 75264K, used 11842K [0x00000000f5580000, 0x00000000fb080000, 0x0000000100000000)
  eden space 59392K, 0% used [0x00000000f5580000,0x00000000f5580000,0x00000000f8f80000)
  from space 15872K, 74% used [0x00000000fa100000,0x00000000fac90b30,0x00000000fb080000)
  to   space 16896K, 0% used [0x00000000f8f80000,0x00000000f8f80000,0x00000000fa000000)
 ParOldGen       total 89088K, used 27716K [0x00000000e0000000, 0x00000000e5700000, 0x00000000f5580000)
  object space 89088K, 31% used [0x00000000e0000000,0x00000000e1b11178,0x00000000e5700000)
 Metaspace       used 61661K, capacity 66564K, committed 66776K, reserved 1107968K
  class space    used 7741K, capacity 9150K, committed 9176K, reserved 1048576K
}
Event: 248.838 GC heap before
{Heap before GC invocations=18 (full 3):
 PSYoungGen      total 75264K, used 71234K [0x00000000f5580000, 0x00000000fb080000, 0x0000000100000000)
  eden space 59392K, 100% used [0x00000000f5580000,0x00000000f8f80000,0x00000000f8f80000)
  from space 15872K, 74% used [0x00000000fa100000,0x00000000fac90b30,0x00000000fb080000)
  to   space 16896K, 0% used [0x00000000f8f80000,0x00000000f8f80000,0x00000000fa000000)
 ParOldGen       total 89088K, used 27716K [0x00000000e0000000, 0x00000000e5700000, 0x00000000f5580000)
  object space 89088K, 31% used [0x00000000e0000000,0x00000000e1b11178,0x00000000e5700000)
 Metaspace       used 71442K, capacity 77080K, committed 77144K, reserved 1116160K
  class space    used 9057K, capacity 10808K, committed 10840K, reserved 1048576K
Event: 248.853 GC heap after
Heap after GC invocations=18 (full 3):
 PSYoungGen      total 76288K, used 16876K [0x00000000f5580000, 0x00000000fca00000, 0x0000000100000000)
  eden space 59392K, 0% used [0x00000000f5580000,0x00000000f5580000,0x00000000f8f80000)
  from space 16896K, 99% used [0x00000000f8f80000,0x00000000f9ffb2f0,0x00000000fa000000)
  to   space 20992K, 0% used [0x00000000fb580000,0x00000000fb580000,0x00000000fca00000)
 ParOldGen       total 89088K, used 34179K [0x00000000e0000000, 0x00000000e5700000, 0x00000000f5580000)
  object space 89088K, 38% used [0x00000000e0000000,0x00000000e2160ce0,0x00000000e5700000)
 Metaspace       used 71442K, capacity 77080K, committed 77144K, reserved 1116160K
  class space    used 9057K, capacity 10808K, committed 10840K, reserved 1048576K
}
Event: 1150.068 GC heap before
{Heap before GC invocations=19 (full 3):
 PSYoungGen      total 76288K, used 67385K [0x00000000f5580000, 0x00000000fca00000, 0x0000000100000000)
  eden space 59392K, 85% used [0x00000000f5580000,0x00000000f86d3240,0x00000000f8f80000)
  from space 16896K, 99% used [0x00000000f8f80000,0x00000000f9ffb2f0,0x00000000fa000000)
  to   space 20992K, 0% used [0x00000000fb580000,0x00000000fb580000,0x00000000fca00000)
 ParOldGen       total 89088K, used 34179K [0x00000000e0000000, 0x00000000e5700000, 0x00000000f5580000)
  object space 89088K, 38% used [0x00000000e0000000,0x00000000e2160ce0,0x00000000e5700000)
 Metaspace       used 72148K, capacity 77752K, committed 77912K, reserved 1116160K
  class space    used 9093K, capacity 10840K, committed 10840K, reserved 1048576K
Event: 1150.079 GC heap after
Heap after GC invocations=19 (full 3):
 PSYoungGen      total 97280K, used 16329K [0x00000000f5580000, 0x00000000fcc00000, 0x0000000100000000)
  eden space 76288K, 0% used [0x00000000f5580000,0x00000000f5580000,0x00000000fa000000)
  from space 20992K, 77% used [0x00000000fb580000,0x00000000fc572480,0x00000000fca00000)
  to   space 22016K, 0% used [0x00000000fa000000,0x00000000fa000000,0x00000000fb580000)
 ParOldGen       total 89088K, used 34187K [0x00000000e0000000, 0x00000000e5700000, 0x00000000f5580000)
  object space 89088K, 38% used [0x00000000e0000000,0x00000000e2162ce0,0x00000000e5700000)
 Metaspace       used 72148K, capacity 77752K, committed 77912K, reserved 1116160K
  class space    used 9093K, capacity 10840K, committed 10840K, reserved 1048576K
}
Event: 1150.079 GC heap before
{Heap before GC invocations=20 (full 4):
 PSYoungGen      total 97280K, used 16329K [0x00000000f5580000, 0x00000000fcc00000, 0x0000000100000000)
  eden space 76288K, 0% used [0x00000000f5580000,0x00000000f5580000,0x00000000fa000000)
  from space 20992K, 77% used [0x00000000fb580000,0x00000000fc572480,0x00000000fca00000)
  to   space 22016K, 0% used [0x00000000fa000000,0x00000000fa000000,0x00000000fb580000)
 ParOldGen       total 89088K, used 34187K [0x00000000e0000000, 0x00000000e5700000, 0x00000000f5580000)
  object space 89088K, 38% used [0x00000000e0000000,0x00000000e2162ce0,0x00000000e5700000)
 Metaspace       used 72148K, capacity 77752K, committed 77912K, reserved 1116160K
  class space    used 9093K, capacity 10840K, committed 10840K, reserved 1048576K
Event: 1150.242 GC heap after
Heap after GC invocations=20 (full 4):
 PSYoungGen      total 97280K, used 0K [0x00000000f5580000, 0x00000000fcc00000, 0x0000000100000000)
  eden space 76288K, 0% used [0x00000000f5580000,0x00000000f5580000,0x00000000fa000000)
  from space 20992K, 0% used [0x00000000fb580000,0x00000000fb580000,0x00000000fca00000)
  to   space 22016K, 0% used [0x00000000fa000000,0x00000000fa000000,0x00000000fb580000)
 ParOldGen       total 89088K, used 33232K [0x00000000e0000000, 0x00000000e5700000, 0x00000000f5580000)
  object space 89088K, 37% used [0x00000000e0000000,0x00000000e2074180,0x00000000e5700000)
 Metaspace       used 72104K, capacity 77680K, committed 77912K, reserved 1116160K
  class space    used 9086K, capacity 10828K, committed 10840K, reserved 1048576K
}
Event: 1192.975 GC heap before
{Heap before GC invocations=21 (full 4):
 PSYoungGen      total 97280K, used 76288K [0x00000000f5580000, 0x00000000fcc00000, 0x0000000100000000)
  eden space 76288K, 100% used [0x00000000f5580000,0x00000000fa000000,0x00000000fa000000)
  from space 20992K, 0% used [0x00000000fb580000,0x00000000fb580000,0x00000000fca00000)
  to   space 22016K, 0% used [0x00000000fa000000,0x00000000fa000000,0x00000000fb580000)
 ParOldGen       total 89088K, used 33232K [0x00000000e0000000, 0x00000000e5700000, 0x00000000f5580000)
  object space 89088K, 37% used [0x00000000e0000000,0x00000000e2074180,0x00000000e5700000)
 Metaspace       used 76580K, capacity 82220K, committed 82520K, reserved 1120256K
  class space    used 9691K, capacity 11531K, committed 11608K, reserved 1048576K
Event: 1192.982 GC heap after
Heap after GC invocations=21 (full 4):
 PSYoungGen      total 98304K, used 10119K [0x00000000f5580000, 0x00000000fdd80000, 0x0000000100000000)
  eden space 76288K, 0% used [0x00000000f5580000,0x00000000f5580000,0x00000000fa000000)
  from space 22016K, 45% used [0x00000000fa000000,0x00000000fa9e1c00,0x00000000fb580000)
  to   space 21504K, 0% used [0x00000000fc880000,0x00000000fc880000,0x00000000fdd80000)
 ParOldGen       total 89088K, used 33240K [0x00000000e0000000, 0x00000000e5700000, 0x00000000f5580000)
  object space 89088K, 37% used [0x00000000e0000000,0x00000000e2076180,0x00000000e5700000)
 Metaspace       used 76580K, capacity 82220K, committed 82520K, reserved 1120256K
  class space    used 9691K, capacity 11531K, committed 11608K, reserved 1048576K
}

